<?xml version="1.0" encoding="UTF-8"?>
<!-- Generated by org.testng.reporters.JUnitReportReporter -->
<testsuite hostname="user-PC" name="com.flipkart.testscripts.ElectronicsPageTest" tests="1" failures="0" timestamp="26 Mar 2021 10:46:05 GMT" time="15.296" errors="0">
  <testcase name="electronicsTest" time="15.296" classname="com.flipkart.testscripts.ElectronicsPageTest"/>
</testsuite> <!-- com.flipkart.testscripts.ElectronicsPageTest -->
