<?xml version="1.0" encoding="UTF-8"?>
<!-- Generated by org.testng.reporters.JUnitReportReporter -->
<testsuite hostname="user-PC" name="com.flipkart.testscripts.LogutPageTest" tests="1" failures="0" timestamp="30 Mar 2021 06:36:18 GMT" time="6.771" errors="0">
  <testcase name="logoutTest" time="6.771" classname="com.flipkart.testscripts.LogutPageTest"/>
</testsuite> <!-- com.flipkart.testscripts.LogutPageTest -->
