<?xml version="1.0" encoding="UTF-8"?>
<!-- Generated by org.testng.reporters.JUnitReportReporter -->
<testsuite hostname="user-PC" name="com.amazon.testscripts.SignInPageTest" tests="1" failures="0" timestamp="26 Mar 2021 01:54:25 GMT" time="8.314" errors="0">
  <testcase name="signinTest" time="8.314" classname="com.amazon.testscripts.SignInPageTest"/>
</testsuite> <!-- com.amazon.testscripts.SignInPageTest -->
