<?xml version="1.0" encoding="UTF-8"?>
<!-- Generated by org.testng.reporters.JUnitReportReporter -->
<testsuite hostname="user-PC" name="com.flipkart.testscripts.SignInPageTest" tests="1" failures="0" timestamp="1 Apr 2021 09:56:54 GMT" time="2.861" errors="0">
  <testcase name="signinTest" time="2.861" classname="com.flipkart.testscripts.SignInPageTest"/>
</testsuite> <!-- com.flipkart.testscripts.SignInPageTest -->
